# JRE version: Java(TM) SE Runtime Environment (8.0_101-b13) (build 1.8.0_101-b13)
# Java VM: Java HotSpot(TM) 64-Bit Server VM (25.101-b13 mixed mode windows-amd64 compressed oops)
Heap:
 PSYoungGen      total 719872K, used 347889K [0x000000076b580000, 0x00000007b3880000, 0x00000007c0000000)
  eden space 258048K, 72% used [0x000000076b580000,0x0000000776b24600,0x000000077b180000)
  from space 461824K, 35% used [0x0000000797580000,0x00000007a1398000,0x00000007b3880000)
  to   space 462336K, 0% used [0x000000077b180000,0x000000077b180000,0x0000000797500000)
 ParOldGen       total 2510848K, used 2136543K [0x00000006c2000000, 0x000000075b400000, 0x000000076b580000)
  object space 2510848K, 85% used [0x00000006c2000000,0x0000000744677ef0,0x000000075b400000)
 Metaspace       used 6669K, capacity 6896K, committed 7040K, reserved 1056768K
  class space    used 781K, capacity 859K, committed 896K, reserved 1048576K
GC Heap History (10 events):
Event: 15.831 GC heap before
{Heap before GC invocations=28 (full 5):
 PSYoungGen      total 656384K, used 411904K [0x000000076b580000, 0x00000007b0000000, 0x00000007c0000000)
  eden space 200192K, 100% used [0x000000076b580000,0x0000000777900000,0x0000000777900000)
  from space 456192K, 46% used [0x0000000794280000,0x00000007a1140000,0x00000007b0000000)
  to   space 462336K, 0% used [0x0000000777900000,0x0000000777900000,0x0000000793c80000)
 ParOldGen       total 1849344K, used 1450266K [0x00000006c2000000, 0x0000000732e00000, 0x000000076b580000)
  object space 1849344K, 78% used [0x00000006c2000000,0x000000071a846bc0,0x0000000732e00000)
 Metaspace       used 6652K, capacity 6832K, committed 7040K, reserved 1056768K
  class space    used 779K, capacity 859K, committed 896K, reserved 1048576K
Event: 16.067 GC heap after
Heap after GC invocations=28 (full 5):
 PSYoungGen      total 662528K, used 151744K [0x000000076b580000, 0x00000007b2480000, 0x00000007c0000000)
  eden space 200192K, 0% used [0x000000076b580000,0x000000076b580000,0x0000000777900000)
  from space 462336K, 32% used [0x0000000777900000,0x0000000780d30000,0x0000000793c80000)
  to   space 462336K, 0% used [0x0000000796100000,0x0000000796100000,0x00000007b2480000)
 ParOldGen       total 1849344K, used 1662602K [0x00000006c2000000, 0x0000000732e00000, 0x000000076b580000)
  object space 1849344K, 89% used [0x00000006c2000000,0x00000007277a2bc0,0x0000000732e00000)
 Metaspace       used 6652K, capacity 6832K, committed 7040K, reserved 1056768K
  class space    used 779K, capacity 859K, committed 896K, reserved 1048576K
}
Event: 16.067 GC heap before
{Heap before GC invocations=29 (full 6):
 PSYoungGen      total 662528K, used 151744K [0x000000076b580000, 0x00000007b2480000, 0x00000007c0000000)
  eden space 200192K, 0% used [0x000000076b580000,0x000000076b580000,0x0000000777900000)
  from space 462336K, 32% used [0x0000000777900000,0x0000000780d30000,0x0000000793c80000)
  to   space 462336K, 0% used [0x0000000796100000,0x0000000796100000,0x00000007b2480000)
 ParOldGen       total 1849344K, used 1662602K [0x00000006c2000000, 0x0000000732e00000, 0x000000076b580000)
  object space 1849344K, 89% used [0x00000006c2000000,0x00000007277a2bc0,0x0000000732e00000)
 Metaspace       used 6652K, capacity 6832K, committed 7040K, reserved 1056768K
  class space    used 779K, capacity 859K, committed 896K, reserved 1048576K
Event: 18.317 GC heap after
Heap after GC invocations=29 (full 6):
 PSYoungGen      total 662528K, used 0K [0x000000076b580000, 0x00000007b2480000, 0x00000007c0000000)
  eden space 200192K, 0% used [0x000000076b580000,0x000000076b580000,0x0000000777900000)
  from space 462336K, 0% used [0x0000000777900000,0x0000000777900000,0x0000000793c80000)
  to   space 462336K, 0% used [0x0000000796100000,0x0000000796100000,0x00000007b2480000)
 ParOldGen       total 2510848K, used 1807095K [0x00000006c2000000, 0x000000075b400000, 0x000000076b580000)
  object space 2510848K, 71% used [0x00000006c2000000,0x00000007304bdef0,0x000000075b400000)
 Metaspace       used 6652K, capacity 6832K, committed 7040K, reserved 1056768K
  class space    used 779K, capacity 859K, committed 896K, reserved 1048576K
}
Event: 18.575 GC heap before
{Heap before GC invocations=30 (full 6):
 PSYoungGen      total 662528K, used 200192K [0x000000076b580000, 0x00000007b2480000, 0x00000007c0000000)
  eden space 200192K, 100% used [0x000000076b580000,0x0000000777900000,0x0000000777900000)
  from space 462336K, 0% used [0x0000000777900000,0x0000000777900000,0x0000000793c80000)
  to   space 462336K, 0% used [0x0000000796100000,0x0000000796100000,0x00000007b2480000)
 ParOldGen       total 2510848K, used 1807095K [0x00000006c2000000, 0x000000075b400000, 0x000000076b580000)
  object space 2510848K, 71% used [0x00000006c2000000,0x00000007304bdef0,0x000000075b400000)
 Metaspace       used 6652K, capacity 6832K, committed 7040K, reserved 1056768K
  class space    used 779K, capacity 859K, committed 896K, reserved 1048576K
Event: 18.686 GC heap after
Heap after GC invocations=30 (full 6):
 PSYoungGen      total 686592K, used 147008K [0x000000076b580000, 0x00000007b1e00000, 0x00000007c0000000)
  eden space 230912K, 0% used [0x000000076b580000,0x000000076b580000,0x0000000779700000)
  from space 455680K, 32% used [0x0000000796100000,0x000000079f090000,0x00000007b1e00000)
  to   space 462336K, 0% used [0x0000000779700000,0x0000000779700000,0x0000000795a80000)
 ParOldGen       total 2510848K, used 1807095K [0x00000006c2000000, 0x000000075b400000, 0x000000076b580000)
  object space 2510848K, 71% used [0x00000006c2000000,0x00000007304bdef0,0x000000075b400000)
 Metaspace       used 6652K, capacity 6832K, committed 7040K, reserved 1056768K
  class space    used 779K, capacity 859K, committed 896K, reserved 1048576K
}
Event: 18.969 GC heap before
{Heap before GC invocations=31 (full 6):
 PSYoungGen      total 686592K, used 377920K [0x000000076b580000, 0x00000007b1e00000, 0x00000007c0000000)
  eden space 230912K, 100% used [0x000000076b580000,0x0000000779700000,0x0000000779700000)
  from space 455680K, 32% used [0x0000000796100000,0x000000079f090000,0x00000007b1e00000)
  to   space 462336K, 0% used [0x0000000779700000,0x0000000779700000,0x0000000795a80000)
 ParOldGen       total 2510848K, used 1807095K [0x00000006c2000000, 0x000000075b400000, 0x000000076b580000)
  object space 2510848K, 71% used [0x00000006c2000000,0x00000007304bdef0,0x000000075b400000)
 Metaspace       used 6652K, capacity 6832K, committed 7040K, reserved 1056768K
  class space    used 779K, capacity 859K, committed 896K, reserved 1048576K
Event: 19.180 GC heap after
Heap after GC invocations=31 (full 6):
 PSYoungGen      total 693248K, used 181728K [0x000000076b580000, 0x00000007b3900000, 0x00000007c0000000)
  eden space 230912K, 0% used [0x000000076b580000,0x000000076b580000,0x0000000779700000)
  from space 462336K, 39% used [0x0000000779700000,0x0000000784878000,0x0000000795a80000)
  to   space 462336K, 0% used [0x0000000797580000,0x0000000797580000,0x00000007b3900000)
 ParOldGen       total 2510848K, used 1954439K [0x00000006c2000000, 0x000000075b400000, 0x000000076b580000)
  object space 2510848K, 77% used [0x00000006c2000000,0x00000007394a1ef0,0x000000075b400000)
 Metaspace       used 6652K, capacity 6832K, committed 7040K, reserved 1056768K
  class space    used 779K, capacity 859K, committed 896K, reserved 1048576K
}
Event: 19.673 GC heap before
{Heap before GC invocations=32 (full 6):
 PSYoungGen      total 693248K, used 412640K [0x000000076b580000, 0x00000007b3900000, 0x00000007c0000000)
  eden space 230912K, 100% used [0x000000076b580000,0x0000000779700000,0x0000000779700000)
  from space 462336K, 39% used [0x0000000779700000,0x0000000784878000,0x0000000795a80000)
  to   space 462336K, 0% used [0x0000000797580000,0x0000000797580000,0x00000007b3900000)
 ParOldGen       total 2510848K, used 1954439K [0x00000006c2000000, 0x000000075b400000, 0x000000076b580000)
  object space 2510848K, 77% used [0x00000006c2000000,0x00000007394a1ef0,0x000000075b400000)
 Metaspace       used 6652K, capacity 6832K, committed 7040K, reserved 1056768K
  class space    used 779K, capacity 859K, committed 896K, reserved 1048576K
Event: 19.901 GC heap after
Heap after GC invocations=32 (full 6):
 PSYoungGen      total 719872K, used 161888K [0x000000076b580000, 0x00000007b3880000, 0x00000007c0000000)
  eden space 258048K, 0% used [0x000000076b580000,0x000000076b580000,0x000000077b180000)
  from space 461824K, 35% used [0x0000000797580000,0x00000007a1398000,0x00000007b3880000)
  to   space 462336K, 0% used [0x000000077b180000,0x000000077b180000,0x0000000797500000)
 ParOldGen       total 2510848K, used 2136543K [0x00000006c2000000, 0x000000075b400000, 0x000000076b580000)
  object space 2510848K, 85% used [0x00000006c2000000,0x0000000744677ef0,0x000000075b400000)
 Metaspace       used 6652K, capacity 6832K, committed 7040K, reserved 1056768K
  class space    used 779K, capacity 859K, committed 896K, reserved 1048576K
}

